<?xml version="1.0" encoding="UTF-8"?>
<!-- Generated by org.testng.reporters.JUnitReportReporter -->
<testsuite hostname="DESKTOP-3UGTBIN" failures="0" tests="1" name="amazon_test.Test8_SortByFeature" time="24.283" errors="0" timestamp="2024-09-06T17:01:28 IST" skipped="0">
  <testcase classname="amazon_test.Test8_SortByFeature" name="sort_product_by" time="24.283"/>
  <system-out>
    <![CDATA[Test case is pass]]>
  </system-out>
</testsuite> <!-- amazon_test.Test8_SortByFeature -->
