<?xml version="1.0" encoding="UTF-8"?>
<!-- Generated by org.testng.reporters.JUnitReportReporter -->
<testsuite hostname="DESKTOP-3UGTBIN" failures="0" tests="1" name="amazon_test.Test3_Loginwith_InvalidCredentials" time="24.507" errors="0" timestamp="2024-09-06T13:19:59 IST" skipped="0">
  <testcase classname="amazon_test.Test3_Loginwith_InvalidCredentials" name="Login_incorrect_UnPwd" time="24.507"/>
  <system-out/>
</testsuite> <!-- amazon_test.Test3_Loginwith_InvalidCredentials -->
