<?xml version="1.0" encoding="UTF-8"?>
<!-- Generated by org.testng.reporters.JUnitReportReporter -->
<testsuite hostname="DESKTOP-3UGTBIN" failures="0" tests="1" name="amazon_test.Test11_ValidateCheckout" time="90.264" errors="0" timestamp="2024-09-13T09:35:36 IST" skipped="0">
  <testcase classname="amazon_test.Test11_ValidateCheckout" name="validating_select_address_paymethod_revieworder" time="90.264"/>
  <system-out>
    <![CDATA[Test case is pass, check screenshot for better info]]>
  </system-out>
</testsuite> <!-- amazon_test.Test11_ValidateCheckout -->
