<?xml version="1.0" encoding="UTF-8"?>
<!-- Generated by org.testng.reporters.JUnitReportReporter -->
<testsuite hostname="DESKTOP-3UGTBIN" failures="0" tests="1" name="amazon_test.Test1_Registration" time="23.440" errors="0" timestamp="2024-09-13T07:25:39 IST" skipped="0">
  <testcase classname="amazon_test.Test1_Registration" name="register_user" time="23.440"/>
  <system-out>
    <![CDATA[Test case is pass, check screenshot for better info]]>
  </system-out>
</testsuite> <!-- amazon_test.Test1_Registration -->
