<?xml version="1.0" encoding="UTF-8"?>
<!-- Generated by org.testng.reporters.JUnitReportReporter -->
<testsuite hostname="DESKTOP-3UGTBIN" failures="0" tests="1" name="amazon_test.Test7_Verify_ProductDetailsInfo" time="28.547" errors="0" timestamp="2024-09-13T07:19:34 IST" skipped="0">
  <testcase classname="amazon_test.Test7_Verify_ProductDetailsInfo" name="verify_price_review_description" time="28.547"/>
  <system-out>
    <![CDATA[Test case is pass, check screenshot for better info]]>
  </system-out>
</testsuite> <!-- amazon_test.Test7_Verify_ProductDetailsInfo -->
