<?xml version="1.0" encoding="UTF-8"?>
<!-- Generated by org.testng.reporters.JUnitReportReporter -->
<testsuite hostname="DESKTOP-3UGTBIN" failures="0" tests="1" name="amazon_test.Test5_SearchProduct" time="35.612" errors="0" timestamp="2024-09-06T08:59:33 IST" skipped="0">
  <testcase classname="amazon_test.Test5_SearchProduct" name="searching_the_product" time="35.612"/>
  <system-out>
    <![CDATA[Test case is pass]]>
  </system-out>
</testsuite> <!-- amazon_test.Test5_SearchProduct -->
