<?xml version="1.0" encoding="UTF-8"?>
<!-- Generated by org.testng.reporters.JUnitReportReporter -->
<testsuite hostname="DESKTOP-3UGTBIN" failures="0" tests="1" name="amazon_test.Test1_Registration" time="36.588" errors="0" timestamp="2024-09-05T21:09:17 IST" skipped="0">
  <testcase classname="amazon_test.Test1_Registration" name="register_user" time="36.588"/>
</testsuite> <!-- amazon_test.Test1_Registration -->
